<?xml version="1.0" encoding="UTF-8"?>
<!-- Generated by org.testng.reporters.JUnitReportReporter -->
<testsuite hostname="LSDglider2" failures="0" tests="1" name="org.ait.demoqa.tests.book.Store.LoginPageTests" time="92.312" errors="0" timestamp="2023-10-12T12:30:38 CEST" skipped="0">
  <testcase classname="org.ait.demoqa.tests.book.Store.LoginPageTests" name="loginPositiveTest" time="92.312"/>
</testsuite> <!-- org.ait.demoqa.tests.book.Store.LoginPageTests -->
