<?xml version="1.0" encoding="UTF-8"?>
<!-- Generated by org.testng.reporters.JUnitReportReporter -->
<testsuite hostname="LSDglider2" failures="0" tests="1" name="org.ait.demoqa.tests.book.Store.LoginPageTests" time="93.881" errors="0" timestamp="2023-10-12T13:03:02 CEST" skipped="0">
  <testcase classname="org.ait.demoqa.tests.book.Store.LoginPageTests" name="loginPositiveTest" time="93.881"/>
</testsuite> <!-- org.ait.demoqa.tests.book.Store.LoginPageTests -->
